<?xml version="1.0" encoding="utf-8"?>
<?AutomationStudio Version=3.0?>
<Transfer xmlns="http://br-automation.co.at/AS/Transfer">
  <OperatingSystem Version="D4.52"/>
  <Hardware Target="SG4"/>
  <Operation Delete="LED.br"/>
  <Operation Delete="ncsdcctrl.br"/>
  <Operation Delete="DoorCtrl.br"/>
  <Operation Delete="sys_lib.br"/>
  <Operation Delete="asieccon.br"/>
  <Operation Delete="GateCtrl.br"/>
  <Operation Delete="X64Lib.br"/>
  <Operation Delete="Acp10man.br"/>
  <Operation Delete="fileio.br"/>
  <Operation Delete="astime.br"/>
  <Operation Download="ashwd.br" Memory="SystemROM"/>
  <Operation Download="asfw.br" Memory="SystemROM"/>
  <Operation Download="arconfig.br" Memory="SystemROM"/>
  <Operation Download="sysconf.br" Memory="SystemROM"/>
  <Operation Restart="warm"/>
  <Operation Download="NcGlobal.br" Memory="UserROM"/>
  <Operation Download="powerlnk.br" Memory="UserROM"/>
  <Operation Download="Acp10par.br" Memory="UserROM"/>
  <Operation Download="Runtime.br" Memory="UserROM"/>
  <Operation Download="astime.br" Memory="UserROM"/>
  <Operation Download="fileio.br" Memory="UserROM"/>
  <Operation Download="Acp10man.br" Memory="UserROM"/>
  <Operation Download="Acp10sys.br" Memory="UserROM"/>
  <Operation Download="acp10etxen.br" Memory="UserROM"/>
  <Operation Download="acp10cfg.br" Memory="UserROM"/>
  <Operation Download="Acp10map.br" Memory="UserROM"/>
  <Operation Restart="warm"/>
  <Operation Download="X64Lib.br" Memory="UserROM"/>
  <Operation Download="asstring.br" Memory="UserROM"/>
  <Operation Download="GateCtrl.br" Memory="UserROM"/>
  <Operation Download="asieccon.br" Memory="UserROM"/>
  <Operation Download="TCData.br" Memory="SystemROM"/>
  <Operation Download="iomap.br" Memory="UserROM"/>
  <Operation Download="Role.br" Memory="UserROM"/>
  <Operation Download="User.br" Memory="UserROM"/>
  <Operation Download="sys_lib.br" Memory="UserROM"/>
  <Operation Download="ashwac.br" Memory="UserROM"/>
  <Operation Download="udbdef.br" Memory="UserROM"/>
  <Operation Download="DoorCtrl.br" Memory="UserROM"/>
  <Operation Download="ncsdcctrl.br" Memory="UserROM"/>
  <Operation Download="LED.br" Memory="UserROM"/>
</Transfer>